\BOOKMARK [0][-]{Doc-Start}{Halaman Judul}{}% 1
\BOOKMARK [0][-]{Doc-Start}{Halaman Pengesahan}{}% 2
\BOOKMARK [0][-]{Doc-Start}{Halaman Pernyataan}{}% 3
\BOOKMARK [0][-]{Doc-Start}{Halaman Persembahan}{}% 4
\BOOKMARK [0][-]{Doc-Start}{Halaman Motto}{}% 5
\BOOKMARK [0][-]{chapter*.1}{PRAKATA}{}% 6
\BOOKMARK [0][-]{chapter*.4}{INTISARI}{}% 7
\BOOKMARK [0][-]{chapter*.4}{ABSTRACT}{}% 8
\BOOKMARK [0][-]{chapter.1}{PENDAHULUAN}{}% 9
\BOOKMARK [1][-]{section.1.1}{Latar Belakang}{chapter.1}% 10
\BOOKMARK [1][-]{section.1.2}{Perumusan Masalah}{chapter.1}% 11
\BOOKMARK [1][-]{section.1.3}{Batasan Masalah}{chapter.1}% 12
\BOOKMARK [1][-]{section.1.4}{Tujuan Penelitian}{chapter.1}% 13
\BOOKMARK [1][-]{section.1.5}{Manfaat Penelitian}{chapter.1}% 14
\BOOKMARK [1][-]{section.1.6}{Metodologi Penelitian}{chapter.1}% 15
\BOOKMARK [1][-]{section.1.7}{Sistematika Penulisan}{chapter.1}% 16
\BOOKMARK [0][-]{chapter.2}{TINJAUAN PUSTAKA}{}% 17
\BOOKMARK [1][-]{section.2.1}{Tinjauan Pustaka}{chapter.2}% 18
\BOOKMARK [0][-]{chapter.3}{LANDASAN TEORI}{}% 19
\BOOKMARK [1][-]{section.3.1}{Bahasa}{chapter.3}% 20
\BOOKMARK [2][-]{subsection.3.1.1}{Kata}{section.3.1}% 21
\BOOKMARK [2][-]{subsection.3.1.2}{Frasa}{section.3.1}% 22
\BOOKMARK [2][-]{subsection.3.1.3}{Kalimat}{section.3.1}% 23
\BOOKMARK [1][-]{section.3.2}{Pengolahan Bahasa Alami}{chapter.3}% 24
\BOOKMARK [1][-]{section.3.3}{Gramatika}{chapter.3}% 25
\BOOKMARK [1][-]{section.3.4}{Parsing}{chapter.3}% 26
\BOOKMARK [1][-]{section.3.5}{Ontologi}{chapter.3}% 27
\BOOKMARK [2][-]{subsection.3.5.1}{Metode pengembangan ontologi}{section.3.5}% 28
\BOOKMARK [1][-]{section.3.6}{OWL Ontologi}{chapter.3}% 29
\BOOKMARK [2][-]{subsection.3.6.1}{Elemen header}{section.3.6}% 30
\BOOKMARK [2][-]{subsection.3.6.2}{Elemen kelas}{section.3.6}% 31
\BOOKMARK [2][-]{subsection.3.6.3}{Elemen properti}{section.3.6}% 32
\BOOKMARK [2][-]{subsection.3.6.4}{Profil OWL}{section.3.6}% 33
\BOOKMARK [1][-]{section.3.7}{OWL 2 Ontologi}{chapter.3}% 34
\BOOKMARK [2][-]{subsection.3.7.1}{Profil OWL 2}{section.3.7}% 35
\BOOKMARK [1][-]{section.3.8}{Ontologi Reasoning}{chapter.3}% 36
\BOOKMARK [1][-]{section.3.9}{SPARQL \(Sparql Query Language\)}{chapter.3}% 37
\BOOKMARK [2][-]{subsection.3.9.1}{SELECT Query}{section.3.9}% 38
\BOOKMARK [2][-]{subsection.3.9.2}{Query Terhadap Multi-Graph}{section.3.9}% 39
\BOOKMARK [1][-]{section.3.10}{Question Answering}{chapter.3}% 40
\BOOKMARK [0][-]{appendix.A}{}{}% 41
